  ADSRComponent.cpp
  AmpDistortionFlowComponent.cpp
  ChipdrawWindow.cpp
  DelayComponent.cpp
  DrawableSlider.cpp
  FilterComponent.cpp
  FXComponent.cpp
  GlasDisplay.cpp
  GlasDropdown.cpp
  IntegerKnob.cpp
  LeftRightButton.cpp
  LFOComponent.cpp
e:\odin2\odin\source\globalincludes.h(42): warning C4100: 'textColour': unreferenced formal parameter (compiling source file ..\..\Source\IntegerKnob.cpp)
e:\odin2\odin\source\knob.h(62): warning C4100: 'positionOfTip': unreferenced formal parameter (compiling source file ..\..\Source\IntegerKnob.cpp)
e:\odin2\odin\source\knob.h(61): warning C4100: 'b': unreferenced formal parameter (compiling source file ..\..\Source\IntegerKnob.cpp)
e:\odin2\odin\source\knob.h(69): warning C4100: 'slider': unreferenced formal parameter (compiling source file ..\..\Source\IntegerKnob.cpp)
e:\odin2\odin\source\knob.h(121): warning C4267: 'argument': conversion from 'size_t' to 'int', possible loss of data (compiling source file ..\..\Source\IntegerKnob.cpp)
e:\odin2\odin\source\knob.h(124): warning C4267: 'argument': conversion from 'size_t' to 'int', possible loss of data (compiling source file ..\..\Source\IntegerKnob.cpp)
e:\odin2\odin\source\knob.h(128): warning C4100: 'event': unreferenced formal parameter (compiling source file ..\..\Source\IntegerKnob.cpp)
e:\odin2\odin\source\integerknob.h(24): warning C4100: 'dragMode': unreferenced formal parameter (compiling source file ..\..\Source\IntegerKnob.cpp)
e:\odin2\odin\source\globalincludes.h(42): warning C4100: 'textColour': unreferenced formal parameter (compiling source file ..\..\Source\DelayComponent.cpp)
e:\odin2\odin\source\knob.h(62): warning C4100: 'positionOfTip': unreferenced formal parameter (compiling source file ..\..\Source\DelayComponent.cpp)
e:\odin2\odin\source\knob.h(61): warning C4100: 'b': unreferenced formal parameter (compiling source file ..\..\Source\DelayComponent.cpp)
e:\odin2\odin\source\knob.h(69): warning C4100: 'slider': unreferenced formal parameter (compiling source file ..\..\Source\DelayComponent.cpp)
e:\odin2\odin\source\knob.h(121): warning C4267: 'argument': conversion from 'size_t' to 'int', possible loss of data (compiling source file ..\..\Source\DelayComponent.cpp)
e:\odin2\odin\source\knob.h(124): warning C4267: 'argument': conversion from 'size_t' to 'int', possible loss of data (compiling source file ..\..\Source\DelayComponent.cpp)
e:\odin2\odin\source\knob.h(128): warning C4100: 'event': unreferenced formal parameter (compiling source file ..\..\Source\DelayComponent.cpp)
e:\odin2\odin\source\globalincludes.h(42): warning C4100: 'textColour': unreferenced formal parameter (compiling source file ..\..\Source\LFOComponent.cpp)
e:\odin2\odin\source\knob.h(62): warning C4100: 'positionOfTip': unreferenced formal parameter (compiling source file ..\..\Source\LFOComponent.cpp)
e:\odin2\odin\source\knob.h(61): warning C4100: 'b': unreferenced formal parameter (compiling source file ..\..\Source\LFOComponent.cpp)
e:\odin2\odin\source\knob.h(69): warning C4100: 'slider': unreferenced formal parameter (compiling source file ..\..\Source\LFOComponent.cpp)
e:\odin2\odin\source\knob.h(121): warning C4267: 'argument': conversion from 'size_t' to 'int', possible loss of data (compiling source file ..\..\Source\LFOComponent.cpp)
e:\odin2\odin\source\knob.h(124): warning C4267: 'argument': conversion from 'size_t' to 'int', possible loss of data (compiling source file ..\..\Source\LFOComponent.cpp)
e:\odin2\odin\source\knob.h(128): warning C4100: 'event': unreferenced formal parameter (compiling source file ..\..\Source\LFOComponent.cpp)
e:\odin2\odin\source\lfodisplaycomponent.h(29): warning C4267: 'return': conversion from 'size_t' to 'int', possible loss of data (compiling source file ..\..\Source\LFOComponent.cpp)
e:\odin2\odin\source\globalincludes.h(42): warning C4100: 'textColour': unreferenced formal parameter (compiling source file ..\..\Source\FXComponent.cpp)
e:\odin2\odin\source\knob.h(62): warning C4100: 'positionOfTip': unreferenced formal parameter (compiling source file ..\..\Source\FXComponent.cpp)
e:\odin2\odin\source\knob.h(61): warning C4100: 'b': unreferenced formal parameter (compiling source file ..\..\Source\FXComponent.cpp)
e:\odin2\odin\source\knob.h(69): warning C4100: 'slider': unreferenced formal parameter (compiling source file ..\..\Source\FXComponent.cpp)
e:\odin2\odin\source\knob.h(121): warning C4267: 'argument': conversion from 'size_t' to 'int', possible loss of data (compiling source file ..\..\Source\FXComponent.cpp)
e:\odin2\odin\source\knob.h(124): warning C4267: 'argument': conversion from 'size_t' to 'int', possible loss of data (compiling source file ..\..\Source\FXComponent.cpp)
e:\odin2\odin\source\knob.h(128): warning C4100: 'event': unreferenced formal parameter (compiling source file ..\..\Source\FXComponent.cpp)
e:\odin2\odin\source\globalincludes.h(42): warning C4100: 'textColour': unreferenced formal parameter (compiling source file ..\..\Source\FilterComponent.cpp)
e:\odin2\odin\source\knob.h(62): warning C4100: 'positionOfTip': unreferenced formal parameter (compiling source file ..\..\Source\FilterComponent.cpp)
e:\odin2\odin\source\knob.h(61): warning C4100: 'b': unreferenced formal parameter (compiling source file ..\..\Source\FilterComponent.cpp)
e:\odin2\odin\source\knob.h(69): warning C4100: 'slider': unreferenced formal parameter (compiling source file ..\..\Source\FilterComponent.cpp)
e:\odin2\odin\source\knob.h(121): warning C4267: 'argument': conversion from 'size_t' to 'int', possible loss of data (compiling source file ..\..\Source\FilterComponent.cpp)
e:\odin2\odin\source\knob.h(124): warning C4267: 'argument': conversion from 'size_t' to 'int', possible loss of data (compiling source file ..\..\Source\FilterComponent.cpp)
e:\odin2\odin\source\knob.h(128): warning C4100: 'event': unreferenced formal parameter (compiling source file ..\..\Source\FilterComponent.cpp)
e:\odin2\odin\source\formantselector.h(22): warning C4267: '=': conversion from 'size_t' to 'int', possible loss of data (compiling source file ..\..\Source\FilterComponent.cpp)
e:\odin2\odin\source\globalincludes.h(42): warning C4100: 'textColour': unreferenced formal parameter (compiling source file ..\..\Source\ChipdrawWindow.cpp)
e:\odin2\odin\source\chipdrawwindow.cpp(63): warning C4100: 'event': unreferenced formal parameter
e:\odin2\odin\source\chipdrawwindow.cpp(65): warning C4100: 'event': unreferenced formal parameter
e:\odin2\odin\source\chipdrawwindow.cpp(70): warning C4244: 'initializing': conversion from 'ValueType' to 'float', possible loss of data
          with
          [
              ValueType=int
          ]
e:\odin2\odin\source\chipdrawwindow.cpp(71): warning C4244: 'initializing': conversion from 'ValueType' to 'float', possible loss of data
          with
          [
              ValueType=int
          ]
e:\odin2\odin\source\chipdrawwindow.cpp(82): warning C4244: '=': conversion from 'double' to 'float', possible loss of data
e:\odin2\odin\source\globalincludes.h(42): warning C4100: 'textColour': unreferenced formal parameter (compiling source file ..\..\Source\AmpDistortionFlowComponent.cpp)
e:\odin2\odin\source\knob.h(62): warning C4100: 'positionOfTip': unreferenced formal parameter (compiling source file ..\..\Source\AmpDistortionFlowComponent.cpp)
e:\odin2\odin\source\knob.h(61): warning C4100: 'b': unreferenced formal parameter (compiling source file ..\..\Source\AmpDistortionFlowComponent.cpp)
e:\odin2\odin\source\knob.h(69): warning C4100: 'slider': unreferenced formal parameter (compiling source file ..\..\Source\AmpDistortionFlowComponent.cpp)
e:\odin2\odin\source\knob.h(121): warning C4267: 'argument': conversion from 'size_t' to 'int', possible loss of data (compiling source file ..\..\Source\AmpDistortionFlowComponent.cpp)
e:\odin2\odin\source\knob.h(124): warning C4267: 'argument': conversion from 'size_t' to 'int', possible loss of data (compiling source file ..\..\Source\AmpDistortionFlowComponent.cpp)
e:\odin2\odin\source\knob.h(128): warning C4100: 'event': unreferenced formal parameter (compiling source file ..\..\Source\AmpDistortionFlowComponent.cpp)
e:\odin2\odin\source\globalincludes.h(42): warning C4100: 'textColour': unreferenced formal parameter (compiling source file ..\..\Source\GlasDisplay.cpp)
e:\odin2\odin\source\glasdisplay.cpp(53): warning C4100: 'event': unreferenced formal parameter
e:\odin2\odin\source\globalincludes.h(42): warning C4100: 'textColour': unreferenced formal parameter (compiling source file ..\..\Source\ADSRComponent.cpp)
e:\odin2\odin\source\drawableslider.h(28): warning C4100: 'positionOfTip': unreferenced formal parameter (compiling source file ..\..\Source\ADSRComponent.cpp)
e:\odin2\odin\source\drawableslider.h(27): warning C4100: 'b': unreferenced formal parameter (compiling source file ..\..\Source\ADSRComponent.cpp)
e:\odin2\odin\source\drawableslider.h(36): warning C4100: 'slider': unreferenced formal parameter (compiling source file ..\..\Source\ADSRComponent.cpp)
e:\odin2\odin\source\adsrcomponent.cpp(88): warning C4100: 'g': unreferenced formal parameter
e:\odin2\odin\source\globalincludes.h(42): warning C4100: 'textColour': unreferenced formal parameter (compiling source file ..\..\Source\LeftRightButton.cpp)
e:\odin2\odin\source\leftrightbutton.cpp(27): warning C4100: 'shouldDrawButtonAsDown': unreferenced formal parameter
e:\odin2\odin\source\leftrightbutton.cpp(26): warning C4100: 'shouldDrawButtonAsHighlighted': unreferenced formal parameter
e:\odin2\odin\source\leftrightbutton.cpp(37): warning C4100: 'p_event': unreferenced formal parameter
e:\odin2\odin\source\globalincludes.h(42): warning C4100: 'textColour': unreferenced formal parameter (compiling source file ..\..\Source\DrawableSlider.cpp)
e:\odin2\odin\source\drawableslider.h(28): warning C4100: 'positionOfTip': unreferenced formal parameter (compiling source file ..\..\Source\DrawableSlider.cpp)
e:\odin2\odin\source\drawableslider.h(27): warning C4100: 'b': unreferenced formal parameter (compiling source file ..\..\Source\DrawableSlider.cpp)
e:\odin2\odin\source\drawableslider.h(36): warning C4100: 'slider': unreferenced formal parameter (compiling source file ..\..\Source\DrawableSlider.cpp)
e:\odin2\odin\source\drawableslider.cpp(35): warning C4244: 'argument': conversion from 'double' to 'int', possible loss of data
e:\odin2\odin\source\globalincludes.h(42): warning C4100: 'textColour': unreferenced formal parameter (compiling source file ..\..\Source\GlasDropdown.cpp)
  LFODisplayComponent.cpp
  LFOSelectorComponent.cpp
  ModAmountComponent.cpp
  ModMatrixComponent.cpp
  NumberSelector.cpp
  OscComponent.cpp
  SaveLoadComponent.cpp
  SpecdrawDisplay.cpp
  SyncTimeSelector.cpp
  WavedrawDisplay.cpp
  WaveformSelectorComponent.cpp
  XYPadComponent.cpp
e:\odin2\odin\source\globalincludes.h(42): warning C4100: 'textColour': unreferenced formal parameter (compiling source file ..\..\Source\LFODisplayComponent.cpp)
e:\odin2\odin\source\lfodisplaycomponent.h(29): warning C4267: 'return': conversion from 'size_t' to 'int', possible loss of data (compiling source file ..\..\Source\LFODisplayComponent.cpp)
e:\odin2\odin\source\globalincludes.h(42): warning C4100: 'textColour': unreferenced formal parameter (compiling source file ..\..\Source\LFOSelectorComponent.cpp)
e:\odin2\odin\source\lfodisplaycomponent.h(29): warning C4267: 'return': conversion from 'size_t' to 'int', possible loss of data (compiling source file ..\..\Source\LFOSelectorComponent.cpp)
e:\odin2\odin\source\lfoselectorcomponent.cpp(86): warning C4100: 'g': unreferenced formal parameter
e:\odin2\odin\source\globalincludes.h(42): warning C4100: 'textColour': unreferenced formal parameter (compiling source file ..\..\Source\ModMatrixComponent.cpp)
e:\odin2\odin\source\modamountcomponent.h(37): warning C4100: 'event': unreferenced formal parameter (compiling source file ..\..\Source\ModMatrixComponent.cpp)
e:\odin2\odin\source\modamountcomponent.h(37): warning C4100: 'event': unreferenced formal parameter (compiling source file ..\..\Source\ModAmountComponent.cpp)
e:\odin2\odin\source\modamountcomponent.cpp(42): warning C4244: 'argument': conversion from 'float' to 'ValueType', possible loss of data
          with
          [
              ValueType=int
          ]
e:\odin2\odin\source\modamountcomponent.cpp(46): warning C4244: 'argument': conversion from 'float' to 'ValueType', possible loss of data
          with
          [
              ValueType=int
          ]
e:\odin2\odin\source\modamountcomponent.cpp(69): warning C4100: 'event': unreferenced formal parameter
e:\odin2\odin\source\globalincludes.h(42): warning C4100: 'textColour': unreferenced formal parameter (compiling source file ..\..\Source\SaveLoadComponent.cpp)
e:\odin2\odin\source\globalincludes.h(42): warning C4100: 'textColour': unreferenced formal parameter (compiling source file ..\..\Source\SpecdrawDisplay.cpp)
e:\odin2\odin\source\specdrawdisplay.cpp(42): warning C4244: 'argument': conversion from 'int' to 'float', possible loss of data
e:\odin2\odin\source\specdrawdisplay.cpp(40): warning C4244: 'argument': conversion from 'int' to 'float', possible loss of data
e:\odin2\odin\source\specdrawdisplay.cpp(50): warning C4100: 'event': unreferenced formal parameter
e:\odin2\odin\source\specdrawdisplay.cpp(52): warning C4100: 'event': unreferenced formal parameter
e:\odin2\odin\source\specdrawdisplay.cpp(60): warning C4244: 'initializing': conversion from 'ValueType' to 'float', possible loss of data
          with
          [
              ValueType=int
          ]
e:\odin2\odin\source\specdrawdisplay.cpp(101): warning C4100: 'event': unreferenced formal parameter
e:\odin2\odin\source\globalincludes.h(42): warning C4100: 'textColour': unreferenced formal parameter (compiling source file ..\..\Source\NumberSelector.cpp)
e:\odin2\odin\source\numberselector.cpp(100): warning C4100: 'g': unreferenced formal parameter
e:\odin2\odin\source\globalincludes.h(42): warning C4100: 'textColour': unreferenced formal parameter (compiling source file ..\..\Source\OscComponent.cpp)
e:\odin2\odin\source\knob.h(62): warning C4100: 'positionOfTip': unreferenced formal parameter (compiling source file ..\..\Source\OscComponent.cpp)
e:\odin2\odin\source\knob.h(61): warning C4100: 'b': unreferenced formal parameter (compiling source file ..\..\Source\OscComponent.cpp)
e:\odin2\odin\source\knob.h(69): warning C4100: 'slider': unreferenced formal parameter (compiling source file ..\..\Source\OscComponent.cpp)
e:\odin2\odin\source\knob.h(121): warning C4267: 'argument': conversion from 'size_t' to 'int', possible loss of data (compiling source file ..\..\Source\OscComponent.cpp)
e:\odin2\odin\source\knob.h(124): warning C4267: 'argument': conversion from 'size_t' to 'int', possible loss of data (compiling source file ..\..\Source\OscComponent.cpp)
e:\odin2\odin\source\knob.h(128): warning C4100: 'event': unreferenced formal parameter (compiling source file ..\..\Source\OscComponent.cpp)
e:\odin2\odin\source\integerknob.h(24): warning C4100: 'dragMode': unreferenced formal parameter (compiling source file ..\..\Source\OscComponent.cpp)
e:\odin2\odin\source\globalincludes.h(42): warning C4100: 'textColour': unreferenced formal parameter (compiling source file ..\..\Source\WavedrawDisplay.cpp)
e:\odin2\odin\source\wavedrawdisplay.cpp(23): warning C4244: '=': conversion from 'double' to 'float', possible loss of data
e:\odin2\odin\source\wavedrawdisplay.cpp(65): warning C4100: 'event': unreferenced formal parameter
e:\odin2\odin\source\wavedrawdisplay.cpp(67): warning C4100: 'event': unreferenced formal parameter
e:\odin2\odin\source\wavedrawdisplay.cpp(74): warning C4244: 'initializing': conversion from 'ValueType' to 'float', possible loss of data
          with
          [
              ValueType=int
          ]
e:\odin2\odin\source\wavedrawdisplay.cpp(75): warning C4244: 'initializing': conversion from 'ValueType' to 'float', possible loss of data
          with
          [
              ValueType=int
          ]
e:\odin2\odin\source\wavedrawdisplay.cpp(89): warning C4244: '=': conversion from 'double' to 'float', possible loss of data
e:\odin2\odin\source\wavedrawdisplay.cpp(110): warning C4100: 'event': unreferenced formal parameter
e:\odin2\odin\source\globalincludes.h(42): warning C4100: 'textColour': unreferenced formal parameter (compiling source file ..\..\Source\SyncTimeSelector.cpp)
e:\odin2\odin\source\globalincludes.h(42): warning C4100: 'textColour': unreferenced formal parameter (compiling source file ..\..\Source\XYPadComponent.cpp)
e:\odin2\odin\source\knob.h(62): warning C4100: 'positionOfTip': unreferenced formal parameter (compiling source file ..\..\Source\XYPadComponent.cpp)
e:\odin2\odin\source\knob.h(61): warning C4100: 'b': unreferenced formal parameter (compiling source file ..\..\Source\XYPadComponent.cpp)
e:\odin2\odin\source\knob.h(69): warning C4100: 'slider': unreferenced formal parameter (compiling source file ..\..\Source\XYPadComponent.cpp)
e:\odin2\odin\source\knob.h(121): warning C4267: 'argument': conversion from 'size_t' to 'int', possible loss of data (compiling source file ..\..\Source\XYPadComponent.cpp)
e:\odin2\odin\source\knob.h(124): warning C4267: 'argument': conversion from 'size_t' to 'int', possible loss of data (compiling source file ..\..\Source\XYPadComponent.cpp)
e:\odin2\odin\source\knob.h(128): warning C4100: 'event': unreferenced formal parameter (compiling source file ..\..\Source\XYPadComponent.cpp)
e:\odin2\odin\source\xypadcomponent.cpp(50): warning C4244: 'argument': conversion from 'int' to 'float', possible loss of data
e:\odin2\odin\source\xypadcomponent.cpp(53): warning C4244: 'argument': conversion from 'int' to 'float', possible loss of data
e:\odin2\odin\source\xypadcomponent.cpp(52): warning C4244: 'argument': conversion from 'int' to 'float', possible loss of data
e:\odin2\odin\source\xypadcomponent.cpp(66): warning C4100: 'event': unreferenced formal parameter
e:\odin2\odin\source\xypadcomponent.cpp(68): warning C4100: 'event': unreferenced formal parameter
e:\odin2\odin\source\globalincludes.h(42): warning C4100: 'textColour': unreferenced formal parameter (compiling source file ..\..\Source\WaveformSelectorComponent.cpp)
e:\odin2\odin\source\waveformselectorcomponent.cpp(102): warning C4100: 'g': unreferenced formal parameter
  XYSectionComponent.cpp
  PluginProcessor.cpp
  PluginEditor.cpp
  include_juce_audio_basics.cpp
  include_juce_audio_devices.cpp
  include_juce_audio_formats.cpp
  include_juce_audio_plugin_client_utils.cpp
  include_juce_audio_processors.cpp
  include_juce_audio_utils.cpp
  include_juce_core.cpp
  include_juce_cryptography.cpp
  include_juce_data_structures.cpp
e:\odin2\odin\source\globalincludes.h(42): warning C4100: 'textColour': unreferenced formal parameter (compiling source file ..\..\Source\XYSectionComponent.cpp)
e:\odin2\odin\source\knob.h(62): warning C4100: 'positionOfTip': unreferenced formal parameter (compiling source file ..\..\Source\XYSectionComponent.cpp)
e:\odin2\odin\source\knob.h(61): warning C4100: 'b': unreferenced formal parameter (compiling source file ..\..\Source\XYSectionComponent.cpp)
e:\odin2\odin\source\knob.h(69): warning C4100: 'slider': unreferenced formal parameter (compiling source file ..\..\Source\XYSectionComponent.cpp)
e:\odin2\odin\source\knob.h(121): warning C4267: 'argument': conversion from 'size_t' to 'int', possible loss of data (compiling source file ..\..\Source\XYSectionComponent.cpp)
e:\odin2\odin\source\knob.h(124): warning C4267: 'argument': conversion from 'size_t' to 'int', possible loss of data (compiling source file ..\..\Source\XYSectionComponent.cpp)
e:\odin2\odin\source\knob.h(128): warning C4100: 'event': unreferenced formal parameter (compiling source file ..\..\Source\XYSectionComponent.cpp)
e:\odin2\odin\source\xysectioncomponent.cpp(36): warning C4244: 'argument': conversion from 'double' to 'float', possible loss of data
e:\odin2\odin\source\xysectioncomponent.cpp(46): warning C4244: 'argument': conversion from 'double' to 'float', possible loss of data
e:\odin2\odin\source\xysectioncomponent.cpp(57): warning C4100: 'g': unreferenced formal parameter
e:\odin2\odin\source\globalincludes.h(42): warning C4100: 'textColour': unreferenced formal parameter (compiling source file ..\..\Source\PluginProcessor.cpp)
e:\odin2\odin\source\drawableslider.h(28): warning C4100: 'positionOfTip': unreferenced formal parameter (compiling source file ..\..\Source\PluginProcessor.cpp)
e:\odin2\odin\source\drawableslider.h(27): warning C4100: 'b': unreferenced formal parameter (compiling source file ..\..\Source\PluginProcessor.cpp)
e:\odin2\odin\source\drawableslider.h(36): warning C4100: 'slider': unreferenced formal parameter (compiling source file ..\..\Source\PluginProcessor.cpp)
e:\odin2\odin\source\knob.h(62): warning C4100: 'positionOfTip': unreferenced formal parameter (compiling source file ..\..\Source\PluginProcessor.cpp)
e:\odin2\odin\source\knob.h(61): warning C4100: 'b': unreferenced formal parameter (compiling source file ..\..\Source\PluginProcessor.cpp)
e:\odin2\odin\source\knob.h(69): warning C4100: 'slider': unreferenced formal parameter (compiling source file ..\..\Source\PluginProcessor.cpp)
e:\odin2\odin\source\knob.h(121): warning C4267: 'argument': conversion from 'size_t' to 'int', possible loss of data (compiling source file ..\..\Source\PluginProcessor.cpp)
e:\odin2\odin\source\knob.h(124): warning C4267: 'argument': conversion from 'size_t' to 'int', possible loss of data (compiling source file ..\..\Source\PluginProcessor.cpp)
e:\odin2\odin\source\knob.h(128): warning C4100: 'event': unreferenced formal parameter (compiling source file ..\..\Source\PluginProcessor.cpp)
e:\odin2\odin\source\globalincludes.h(42): warning C4100: 'textColour': unreferenced formal parameter (compiling source file ..\..\Source\PluginEditor.cpp)
e:\odin2\odin\source\drawableslider.h(28): warning C4100: 'positionOfTip': unreferenced formal parameter (compiling source file ..\..\Source\PluginEditor.cpp)
e:\odin2\odin\source\drawableslider.h(27): warning C4100: 'b': unreferenced formal parameter (compiling source file ..\..\Source\PluginEditor.cpp)
e:\odin2\odin\source\drawableslider.h(36): warning C4100: 'slider': unreferenced formal parameter (compiling source file ..\..\Source\PluginEditor.cpp)
e:\odin2\odin\source\knob.h(62): warning C4100: 'positionOfTip': unreferenced formal parameter (compiling source file ..\..\Source\PluginEditor.cpp)
e:\odin2\odin\source\knob.h(61): warning C4100: 'b': unreferenced formal parameter (compiling source file ..\..\Source\PluginEditor.cpp)
e:\odin2\odin\source\knob.h(69): warning C4100: 'slider': unreferenced formal parameter (compiling source file ..\..\Source\PluginEditor.cpp)
e:\odin2\odin\source\knob.h(121): warning C4267: 'argument': conversion from 'size_t' to 'int', possible loss of data (compiling source file ..\..\Source\PluginEditor.cpp)
e:\odin2\odin\source\knob.h(124): warning C4267: 'argument': conversion from 'size_t' to 'int', possible loss of data (compiling source file ..\..\Source\PluginEditor.cpp)
e:\odin2\odin\source\knob.h(128): warning C4100: 'event': unreferenced formal parameter (compiling source file ..\..\Source\PluginEditor.cpp)
e:\odin2\odin\source\formantselector.h(22): warning C4267: '=': conversion from 'size_t' to 'int', possible loss of data (compiling source file ..\..\Source\PluginProcessor.cpp)
e:\odin2\odin\source\lfodisplaycomponent.h(29): warning C4267: 'return': conversion from 'size_t' to 'int', possible loss of data (compiling source file ..\..\Source\PluginProcessor.cpp)
e:\odin2\odin\source\modamountcomponent.h(37): warning C4100: 'event': unreferenced formal parameter (compiling source file ..\..\Source\PluginProcessor.cpp)
e:\odin2\odin\source\integerknob.h(24): warning C4100: 'dragMode': unreferenced formal parameter (compiling source file ..\..\Source\PluginProcessor.cpp)
  include_juce_events.cpp
e:\odin2\odin\source\pitchwheel.h(30): warning C4100: 'e': unreferenced formal parameter (compiling source file ..\..\Source\PluginProcessor.cpp)
e:\odin2\odin\source\pluginprocessor.cpp(82): warning C4100: 'index': unreferenced formal parameter
e:\odin2\odin\source\pluginprocessor.cpp(86): warning C4100: 'index': unreferenced formal parameter
e:\odin2\odin\source\pluginprocessor.cpp(91): warning C4100: 'newName': unreferenced formal parameter
e:\odin2\odin\source\pluginprocessor.cpp(91): warning C4100: 'index': unreferenced formal parameter
e:\odin2\odin\source\pluginprocessor.cpp(96): warning C4100: 'samplesPerBlock': unreferenced formal parameter
e:\odin2\odin\source\pluginprocessor.cpp(96): warning C4100: 'sampleRate': unreferenced formal parameter
e:\odin2\odin\source\pluginprocessor.cpp(132): warning C4100: 'midiMessages': unreferenced formal parameter
e:\odin2\odin\source\pluginprocessor.cpp(155): warning C4189: 'channelData': local variable is initialized but not referenced
e:\odin2\odin\source\pluginprocessor.cpp(173): warning C4100: 'destData': unreferenced formal parameter
e:\odin2\odin\source\pluginprocessor.cpp(180): warning C4100: 'sizeInBytes': unreferenced formal parameter
e:\odin2\odin\source\pluginprocessor.cpp(180): warning C4100: 'data': unreferenced formal parameter
e:\odin2\odin\source\formantselector.h(22): warning C4267: '=': conversion from 'size_t' to 'int', possible loss of data (compiling source file ..\..\Source\PluginEditor.cpp)
  include_juce_graphics.cpp
e:\odin2\odin\source\lfodisplaycomponent.h(29): warning C4267: 'return': conversion from 'size_t' to 'int', possible loss of data (compiling source file ..\..\Source\PluginEditor.cpp)
e:\odin2\odin\source\modamountcomponent.h(37): warning C4100: 'event': unreferenced formal parameter (compiling source file ..\..\Source\PluginEditor.cpp)
e:\odin2\odin\source\integerknob.h(24): warning C4100: 'dragMode': unreferenced formal parameter (compiling source file ..\..\Source\PluginEditor.cpp)
e:\odin2\odin\source\pitchwheel.h(30): warning C4100: 'e': unreferenced formal parameter (compiling source file ..\..\Source\PluginEditor.cpp)
  include_juce_gui_basics.cpp
  include_juce_gui_extra.cpp
  include_juce_opengl.cpp
  Odin_SharedCode.vcxproj -> E:\odin2\Odin\Builds\VisualStudio2017\x64\Debug\Shared Code\Odin.lib
